<?xml version="1.0" encoding="UTF-8"?>
<testsuite xmlns:xsi="http://www.w3.org/2001/XMLSchema-instance" xsi:noNamespaceSchemaLocation="https://maven.apache.org/surefire/maven-surefire-plugin/xsd/surefire-test-report.xsd" name="employees.UsersRunner" time="2.316" tests="2" errors="0" skipped="0" failures="0">
  <properties>
[...]
</properties>
  <testcase name="testSystemProperty[1][1]" classname="employees.UsersRunner" time="1.141"/>
  <testcase name="testSystemProperty[1][2]" classname="employees.UsersRunner" time="0.677"/>
</testsuite>