{"failedCount":2,"prefixedPath":"classpath:employees\/featureFiles\/Get.feature","packageQualifiedName":"employees.featureFiles.Get","loopIndex":-1,"relativePath":"employees\/featureFiles\/Get.feature","scenarioResults":[{"sectionIndex":0,"stepResults":[{"result":{"nanos":50852,"millis":0.050852,"status":"passed"},"step":{"background":true,"line":9,"prefix":"*","index":0,"text":"url baseURL"},"stepLog":"09:45:10.427 value of karate.env system property was: dev \n"},{"result":{"nanos":738109,"millis":0.738109,"status":"passed"},"step":{"comments":["# baseURL is a global variable declared in karate-config.js file"],"background":true,"line":11,"prefix":"*","index":1,"text":"header Accept = 'application\/json'"}},{"result":{"nanos":4692416,"millis":4.692416,"status":"passed"},"step":{"line":15,"prefix":"Given","index":0,"text":"path 'users?page=2'"}},{"result":{"nanos":170781000,"errorMessage":"http call failed after 170 milliseconds for url: \/users?page=2\nclasspath:employees\/featureFiles\/Get.feature:16","millis":170.781,"status":"failed"},"step":{"line":16,"prefix":"When","index":1,"text":"method Get"},"stepLog":"09:45:10.634 karate.org.apache.http.ProtocolException: Target host is not specified, http call failed after 170 milliseconds for url: \/users?page=2\n09:45:10.634 classpath:employees\/featureFiles\/Get.feature:16\nWhen method Get\nhttp call failed after 170 milliseconds for url: \/users?page=2\nclasspath:employees\/featureFiles\/Get.feature:16\n"},{"result":{"nanos":0,"millis":0.0,"status":"skipped"},"step":{"line":17,"prefix":"Then","index":2,"text":"status 200"}},{"result":{"nanos":0,"millis":0.0,"status":"skipped"},"step":{"line":18,"prefix":"And","index":3,"text":"print response"}},{"result":{"nanos":0,"millis":0.0,"status":"skipped"},"step":{"line":19,"prefix":"And","index":4,"text":"print responseStatus"}},{"result":{"nanos":0,"millis":0.0,"status":"skipped"},"step":{"line":20,"prefix":"And","index":5,"text":"print responseTime"}},{"result":{"nanos":0,"millis":0.0,"status":"skipped"},"step":{"line":21,"prefix":"And","index":6,"text":"print responseHeaders"}},{"result":{"nanos":0,"millis":0.0,"status":"skipped"},"step":{"line":22,"prefix":"And","index":7,"text":"print responseCookies"}},{"result":{"nanos":0,"millis":0.0,"status":"skipped"},"step":{"line":23,"prefix":"And","index":8,"text":"print 'url--' baseURL"}}],"line":14,"description":"","durationMillis":176.262377,"failed":true,"error":"http call failed after 170 milliseconds for url: \/users?page=2\nclasspath:employees\/featureFiles\/Get.feature:16","tags":["debug"],"executorName":"pool-1-thread-1","name":"Get all users from Page 2","startTime":1627955110392,"refId":"[1:14]","endTime":1627955110635,"exampleIndex":-1},{"sectionIndex":1,"stepResults":[{"result":{"nanos":50282,"millis":0.050282,"status":"passed"},"step":{"background":true,"line":9,"prefix":"*","index":0,"text":"url baseURL"},"stepLog":"09:45:10.427 value of karate.env system property was: dev \n"},{"result":{"nanos":762151,"millis":0.762151,"status":"passed"},"step":{"comments":["# baseURL is a global variable declared in karate-config.js file"],"background":true,"line":11,"prefix":"*","index":1,"text":"header Accept = 'application\/json'"}},{"result":{"nanos":4690425,"millis":4.690425,"status":"passed"},"step":{"line":27,"prefix":"Given","index":0,"text":"path 'users'"}},{"result":{"nanos":963090,"millis":0.96309,"status":"passed"},"step":{"line":28,"prefix":"And","index":1,"text":"param page = '2'"}},{"result":{"nanos":169565118,"errorMessage":"http call failed after 158 milliseconds for url: \/users?page=2\nclasspath:employees\/featureFiles\/Get.feature:29","millis":169.565118,"status":"failed"},"step":{"line":29,"prefix":"When","index":2,"text":"method Get"},"stepLog":"09:45:10.634 karate.org.apache.http.ProtocolException: Target host is not specified, http call failed after 158 milliseconds for url: \/users?page=2\n09:45:10.635 classpath:employees\/featureFiles\/Get.feature:29\nWhen method Get\nhttp call failed after 158 milliseconds for url: \/users?page=2\nclasspath:employees\/featureFiles\/Get.feature:29\n"},{"result":{"nanos":0,"millis":0.0,"status":"skipped"},"step":{"line":30,"prefix":"Then","index":3,"text":"status 200"}},{"result":{"nanos":0,"millis":0.0,"status":"skipped"},"step":{"line":31,"prefix":"And","index":4,"text":"print response"}},{"result":{"nanos":0,"millis":0.0,"status":"skipped"},"step":{"line":32,"prefix":"And","index":5,"text":"match response.data[0].id == 7"}},{"result":{"nanos":0,"millis":0.0,"status":"skipped"},"step":{"line":33,"prefix":"And","index":6,"text":"match response.data[0].first_name != null"}},{"result":{"nanos":0,"millis":0.0,"status":"skipped"},"step":{"line":34,"prefix":"And","index":7,"text":"match response.data[0].first_name == 'Michael'"}},{"result":{"nanos":0,"millis":0.0,"status":"skipped"},"step":{"comments":["## response can also be represented as $"],"line":36,"prefix":"And","index":8,"text":"match $.data[0].last_name contains 'Lawson'"}}],"line":26,"description":"","durationMillis":176.031066,"failed":true,"error":"http call failed after 158 milliseconds for url: \/users?page=2\nclasspath:employees\/featureFiles\/Get.feature:29","tags":["debug"],"executorName":"pool-1-thread-2","name":"Validate results from Page 2","startTime":1627955110392,"refId":"[2:26]","endTime":1627955110635,"exampleIndex":-1}],"callDepth":0,"name":"Get API demo","description":"This feature will test various GET calls to validate results","resultDate":"2021-08-03 09:45:10 am","durationMillis":352.293443,"passedCount":0}